SF:lib\features\auth\data\model\auth_api_model.dart
DA:18,1
DA:28,1
DA:29,1
DA:31,2
DA:34,1
DA:35,1
DA:36,1
DA:37,1
DA:38,1
DA:39,1
DA:40,1
DA:41,1
DA:42,1
DA:47,1
DA:48,1
DA:49,1
DA:50,1
DA:51,1
DA:52,1
DA:53,1
DA:54,1
DA:55,1
DA:59,0
DA:61,0
LF:24
LH:22
end_of_record
SF:lib\features\auth\data\model\auth_api_model.g.dart
DA:9,2
DA:10,1
DA:11,1
DA:12,1
DA:13,1
DA:14,1
DA:15,1
DA:16,1
DA:19,1
DA:20,1
DA:21,1
DA:22,1
DA:23,1
DA:24,1
DA:25,1
DA:26,1
DA:27,1
LF:17
LH:17
end_of_record
SF:lib\features\auth\domain\entity\auth_entity.dart
DA:12,6
DA:22,1
DA:31,1
DA:32,1
DA:33,0
DA:34,1
DA:35,1
DA:36,1
DA:37,1
DA:38,1
DA:42,2
DA:44,16
LF:12
LH:11
end_of_record
SF:lib\core\error\failure.dart
DA:6,3
DA:8,0
DA:9,0
DA:13,0
DA:18,3
DA:25,0
LF:6
LH:2
end_of_record
SF:lib\features\auth\domain\use_case\login_usecase.dart
DA:13,2
DA:19,0
DA:23,0
DA:24,0
DA:31,1
DA:33,0
DA:36,0
DA:37,0
DA:38,0
DA:39,0
DA:40,0
DA:41,0
DA:42,0
DA:43,0
DA:44,0
DA:46,0
LF:16
LH:2
end_of_record
SF:lib\app\shared_prefs\token_shared_prefs.dart
DA:9,0
DA:11,0
DA:13,0
DA:14,0
DA:16,0
DA:20,0
DA:22,0
DA:23,0
DA:25,0
LF:9
LH:0
end_of_record
SF:lib\features\auth\domain\use_case\register_user_usecase.dart
DA:16,1
DA:25,0
DA:33,0
DA:34,0
DA:40,1
DA:42,1
DA:44,3
DA:45,1
DA:46,1
DA:47,1
DA:48,1
DA:49,1
DA:50,1
DA:51,1
DA:53,2
LF:15
LH:12
end_of_record
SF:lib\features\auth\domain\use_case\upload_image_usecase.dart
DA:12,0
DA:21,1
DA:23,0
DA:25,0
LF:4
LH:1
end_of_record
